\o Program:		@(#)$CDS: libManager version 6.1.6 - CAT33 11/05/2015 10:33 (sjfql586) $
\o Sub version:		sub-version  s019 
\o Arguments:		-unmapped -mpssession virtuoso11165 -mpshost linap-me5159-01.doe.carleton.ca 
\o Working Directory:	linap-me5159-01.doe.carleton.ca:/home/craigmcmahon/elec4609/cuSOI
\o 64-bit offsets
\o Qt version: 		4.7.2
\o changeWorkingDir("/home/craigmcmahon/elec4609/cuSOI") unnecessary.
\o ddSetForcedLib("") unnecessary.
\o Log file is "/home/craigmcmahon/elec4609/cuSOI/libManager.log".
\o Opening libManager window.
\a nrSetWindowVisibility(cdsLibManager "show")
\o MPS service: map window
\a nrSetCurrentWindow(cdsLibManager)
\o Library Manager customization server connected.
\a nrResizeWindow(cdsLibManager list(658 144 600 500))
\a cdsLibManager->libListBox->value = "CuFab"
\a cdsLibManager->libLineEdit->value = "CuFab"
\a cdsLibManager->cellListBox->value = "2phase_clock"
\a cdsLibManager->cellLineEdit->value = "2phase_clock"
\a cdsLibManager->libListBox->value = nil
\a cdsLibManager->cellListBox->value = nil
\a cdsLibManager->cellLineEdit->value = ""
\a cdsLibManager->libListBox->value = "CuFab"
\a lmgrLogShowPopup("mainListPopup0" 34 6 2 "CuFab")
\a cdsLibManager->libLineEdit->value = "CuFab"
