\o Program:		@(#)$CDS: libManager version 6.1.6 - CAT33 11/05/2015 10:33 (sjfql586) $
\o Sub version:		sub-version  s019 
\o Arguments:		-unmapped -mpssession virtuoso76757 -mpshost linap-me5159-03.doe.carleton.ca 
\o Working Directory:	linap-me5159-03.doe.carleton.ca:/home/robertchitiu/4609Design/CuFab
\o 64-bit offsets
\o Qt version: 		4.7.2
\o changeWorkingDir("/home/robertchitiu/4609Design/CuFab") unnecessary.
\o ddSetForcedLib("") unnecessary.
\o Log file is "/home/robertchitiu/4609Design/CuFab/libManager.log".
\o Opening libManager window.
\a nrSetWindowVisibility(cdsLibManager "show")
\o MPS service: map window
\a nrSetCurrentWindow(cdsLibManager)
\o Library Manager customization server connected.
\a nrResizeWindow(cdsLibManager list(0 24 600 500))
\a cdsLibManager->libListBox->value = "US_8ths"
\a cdsLibManager->libListBox->value = "CuSOiPDk_DEVICES"
\a cdsLibManager->libListBox->value = "US_8ths"
\a cdsLibManager->libListBox->value = "CuSOiPDk_DEVICES"
\a cdsLibManager->libListBox->value = "basic"
\a cdsLibManager->libListBox->value = "analogLib"
\a cdsLibManager->libListBox->value = "US_8ths"
\a cdsLibManager->libListBox->value = "basic"
\a cdsLibManager->libListBox->value = "cdsDefTechLib"
\a cdsLibManager->libListBox->value = "sample"
\a _lmgrCloseIconify("cdsLibManager" 1)
\a cdsLibManager->libLineEdit->value = "sample"
\o MPS service: shutdown
\o libManager is exiting.
\a nrSetWindowVisibility(cdsLibManager "hide")
\a exit(0)
